<?xml version="1.0" encoding="UTF-8"?>
<testng-results skipped="0" failed="0" ignored="0" total="2" passed="2">
  <reporter-output>
  </reporter-output>
  <suite name="Suite" duration-ms="23720" started-at="2020-06-30T17:06:52 BST" finished-at="2020-06-30T17:07:15 BST">
    <groups>
    </groups>
    <test name="Test" duration-ms="23720" started-at="2020-06-30T17:06:52 BST" finished-at="2020-06-30T17:07:15 BST">
      <class name="com.TestCases.FacebookRegTestCase">
        <test-method status="PASS" signature="stratUp()[pri:0, instance:com.TestCases.FacebookRegTestCase@23986957]" name="stratUp" is-config="true" duration-ms="7261" started-at="2020-06-30T17:07:07 BST" finished-at="2020-06-30T17:07:14 BST">
          <reporter-output>
          </reporter-output>
        </test-method> <!-- stratUp -->
        <test-method status="PASS" signature="registration()[pri:0, instance:com.TestCases.FacebookRegTestCase@23986957]" name="registration" duration-ms="1265" started-at="2020-06-30T17:07:14 BST" finished-at="2020-06-30T17:07:15 BST">
          <reporter-output>
          </reporter-output>
        </test-method> <!-- registration -->
      </class> <!-- com.TestCases.FacebookRegTestCase -->
      <class name="com.TestCases.FacebookLoginTestCase">
        <test-method status="PASS" signature="stratUp()[pri:0, instance:com.TestCases.FacebookLoginTestCase@4c15e7fd]" name="stratUp" is-config="true" duration-ms="8076" started-at="2020-06-30T17:06:52 BST" finished-at="2020-06-30T17:07:00 BST">
          <reporter-output>
          </reporter-output>
        </test-method> <!-- stratUp -->
        <test-method status="PASS" signature="login()[pri:0, instance:com.TestCases.FacebookLoginTestCase@4c15e7fd]" name="login" duration-ms="505" started-at="2020-06-30T17:07:00 BST" finished-at="2020-06-30T17:07:00 BST">
          <reporter-output>
          </reporter-output>
        </test-method> <!-- login -->
        <test-method status="PASS" signature="close()[pri:0, instance:com.TestCases.FacebookLoginTestCase@4c15e7fd]" name="close" is-config="true" duration-ms="6561" started-at="2020-06-30T17:07:00 BST" finished-at="2020-06-30T17:07:07 BST">
          <reporter-output>
          </reporter-output>
        </test-method> <!-- close -->
      </class> <!-- com.TestCases.FacebookLoginTestCase -->
    </test> <!-- Test -->
  </suite> <!-- Suite -->
</testng-results>
